Change Physical Footprint: Designator=C1 Old Footprint=FP-GRM188-0_2-IPC_C New Footprint=FP-GRM188-0_2-IPC_C
Change Physical Footprint: Designator=C2 Old Footprint=FP-GRM55D-0_4-IPC_A New Footprint=FP-GRM55D-0_4-IPC_A
Change Physical Footprint: Designator=C3 Old Footprint=FP-GRM15-MFG New Footprint=FP-GRM15-MFG
Change Physical Footprint: Designator=C4 Old Footprint=FP-GRM15-MFG New Footprint=FP-GRM15-MFG
Change Physical Footprint: Designator=C5 Old Footprint=FP-GRM55D-0_4-IPC_A New Footprint=FP-GRM55D-0_4-IPC_A
Change Physical Footprint: Designator=C6 Old Footprint=CAPC1608X90X40LL10T20 New Footprint=CAPC1608X90X40LL10T20
Change Physical Footprint: Designator=C7 Old Footprint=CAPC1608X90X40LL10T20 New Footprint=CAPC1608X90X40LL10T20
Change Physical Footprint: Designator=J1 Old Footprint=FP-S3B-ZR-SM4A-TF_LF_SN-MFG New Footprint=FP-S3B-ZR-SM4A-TF_LF_SN-MFG
Change Physical Footprint: Designator=J2 Old Footprint=HRO_TYPE-C-31-M-12 New Footprint=HRO_TYPE-C-31-M-12
Change Physical Footprint: Designator=J3 Old Footprint=HDR_1x4_2.5mm_TH New Footprint=HDR_1x4_2.5mm_TH
Change Physical Footprint: Designator=J4 Old Footprint=FP-BM04B-SRSS-TBT_LF_SN-MFG New Footprint=FP-BM04B-SRSS-TBT_LF_SN-MFG
Change Physical Footprint: Designator=J5 Old Footprint=HDR_2x3_2.5mm_TH New Footprint=HDR_2x3_2.5mm_TH
Change Physical Footprint: Designator=R1 Old Footprint=RESC2013X60X35ML10T20 New Footprint=RESC2013X60X35ML10T20
Change Physical Footprint: Designator=R2 Old Footprint=FP-CRCW0603-e3-IPC_C New Footprint=FP-CRCW0603-e3-IPC_C
Change Physical Footprint: Designator=R3 Old Footprint=FP-CRCW0603-e3-IPC_C New Footprint=FP-CRCW0603-e3-IPC_C
Change Physical Footprint: Designator=R4 Old Footprint=RESC1005X40X25LL05T05 New Footprint=RESC1005X40X25LL05T05
Change Physical Footprint: Designator=R5 Old Footprint=RESC1005X40X25LL05T05 New Footprint=RESC1005X40X25LL05T05
Change Physical Footprint: Designator=R6 Old Footprint=FP-RC0603-0_55-IPC_C New Footprint=FP-RC0603-0_55-IPC_C
Change Physical Footprint: Designator=S1 Old Footprint=SPEH130103 New Footprint=SPEH130103
Change Physical Footprint: Designator=S2 Old Footprint=SPEH130103 New Footprint=SPEH130103
Change Physical Footprint: Designator=S3 Old Footprint=SPEH130103 New Footprint=SPEH130103
Change Physical Footprint: Designator=U1 Old Footprint=FP-PW0008A-IPC_B New Footprint=FP-PW0008A-IPC_B
Change Physical Footprint: Designator=U2 Old Footprint=FP-AMS1117-IPC_C New Footprint=FP-AMS1117-IPC_C
Change Physical Footprint: Designator=U3 Old Footprint=44ML_M New Footprint=44ML_M
Change Physical Footprint: Designator=Y1 Old Footprint=FP-ABM3-MFG New Footprint=FP-ABM3-MFG
